<?xml version="1.0" encoding="UTF-8"?>
<!-- Generated by org.testng.reporters.JUnitReportReporter -->
<testsuite hostname="LTIN488147" failures="0" tests="2" name="allNotations.Class2" time="0.004" errors="0" timestamp="2024-03-14T17:23:48 IST" skipped="0">
  <testcase classname="allNotations.Class2" name="test2" time="0.002"/>
  <testcase classname="allNotations.Class2" name="test2" time="0.002"/>
</testsuite> <!-- allNotations.Class2 -->
