<?xml version="1.0" encoding="UTF-8"?>
<!-- Generated by org.testng.reporters.JUnitReportReporter -->
<testsuite hostname="LTIN488147" failures="0" tests="5" name="dependency_Methods" time="0.016" errors="0" timestamp="2024-03-15T10:22:12 IST" skipped="0">
  <testcase classname="dependency_Methods" name="openApp" time="0.012"/>
  <testcase classname="dependency_Methods" name="logout" time="0.001"/>
  <testcase classname="dependency_Methods" name="login" time="0.001"/>
  <testcase classname="dependency_Methods" name="advSearch" time="0.001"/>
  <testcase classname="dependency_Methods" name="search" time="0.001"/>
</testsuite> <!-- dependency_Methods -->
