<?xml version="1.0" encoding="UTF-8"?>
<!-- Generated by org.testng.reporters.JUnitReportReporter -->
<testsuite hostname="LTIN488147" failures="0" tests="2" name="allNotations.Class1" time="0.012" errors="0" timestamp="2024-03-19T14:32:58 IST" skipped="0">
  <testcase classname="allNotations.Class1" name="test2" time="0.009"/>
  <testcase classname="allNotations.Class1" name="test1" time="0.003"/>
</testsuite> <!-- allNotations.Class1 -->
