<?xml version="1.0" encoding="UTF-8"?>
<!-- Generated by org.testng.reporters.JUnitReportReporter -->
<testsuite hostname="LTIN488147" failures="0" tests="2" name="grouping_DataProvider.Grouping" time="0.010" errors="0" timestamp="2024-03-15T15:26:29 IST" skipped="0">
  <testcase classname="grouping_DataProvider.Grouping" name="loginbyfb" time="0.009"/>
  <testcase classname="grouping_DataProvider.Grouping" name="postinfb" time="0.001"/>
</testsuite> <!-- grouping_DataProvider.Grouping -->
