<?xml version="1.0" encoding="UTF-8"?>
<!-- Generated by org.testng.reporters.JUnitReportReporter -->
<testsuite hostname="LTIN488147" failures="0" tests="3" name="testng_Practice.Login" time="26.780" errors="0" timestamp="2024-03-14T15:23:47 IST" skipped="0">
  <testcase classname="testng_Practice.Login" name="openApp" time="18.083"/>
  <testcase classname="testng_Practice.Login" name="login" time="6.749"/>
  <testcase classname="testng_Practice.Login" name="closeApp" time="1.948"/>
</testsuite> <!-- testng_Practice.Login -->
