<?xml version="1.0" encoding="UTF-8"?>
<!-- Generated by org.testng.reporters.JUnitReportReporter -->
<testsuite hostname="LTIN488147" failures="0" tests="3" name="testng_Practice.FirstTest" time="0.003" errors="0" timestamp="2024-03-14T15:23:47 IST" skipped="0">
  <testcase classname="testng_Practice.FirstTest" name="m" time="0.001"/>
  <testcase classname="testng_Practice.FirstTest" name="m1" time="0.001"/>
  <testcase classname="testng_Practice.FirstTest" name="m2" time="0.001"/>
</testsuite> <!-- testng_Practice.FirstTest -->
