<?xml version="1.0" encoding="UTF-8"?>
<!-- Generated by org.testng.reporters.JUnitReportReporter -->
<testsuite hostname="LTIN488147" failures="0" tests="3" name="report.Report" time="8.120" errors="0" timestamp="2024-03-19T14:20:23 IST" skipped="0">
  <testcase classname="report.Report" name="logo" time="0.062"/>
  <testcase classname="report.Report" name="login" time="7.383"/>
  <testcase classname="report.Report" name="logout" time="0.675"/>
</testsuite> <!-- report.Report -->
